<?xml version="1.0" encoding="UTF-8"?>
<testsuite xmlns:xsi="http://www.w3.org/2001/XMLSchema-instance" xsi:noNamespaceSchemaLocation="https://maven.apache.org/surefire/maven-surefire-plugin/xsd/surefire-test-report.xsd" name="cn.devkits.client.DevKits.AppTest" time="0.027" tests="1" errors="0" skipped="0" failures="0">
  <properties>
    <property name="sun.desktop" value="windows"/>
    <property name="awt.toolkit" value="sun.awt.windows.WToolkit"/>
    <property name="file.encoding.pkg" value="sun.io"/>
    <property name="java.specification.version" value="1.8"/>
    <property name="sun.cpu.isalist" value="amd64"/>
    <property name="sun.jnu.encoding" value="GBK"/>
    <property name="java.class.path" value="F:\source\github\other\DevKits\target\test-classes;F:\source\github\other\DevKits\target\classes;F:\source\maven\repository\commons-codec\commons-codec\1.12\commons-codec-1.12.jar;F:\source\maven\repository\ch\qos\logback\logback-classic\1.2.3\logback-classic-1.2.3.jar;F:\source\maven\repository\ch\qos\logback\logback-core\1.2.3\logback-core-1.2.3.jar;F:\source\maven\repository\org\slf4j\slf4j-api\1.7.25\slf4j-api-1.7.25.jar;F:\source\maven\repository\junit\junit\4.11\junit-4.11.jar;F:\source\maven\repository\org\hamcrest\hamcrest-core\1.3\hamcrest-core-1.3.jar;"/>
    <property name="java.vm.vendor" value="Oracle Corporation"/>
    <property name="sun.arch.data.model" value="64"/>
    <property name="user.variant" value=""/>
    <property name="java.vendor.url" value="http://java.oracle.com/"/>
    <property name="user.timezone" value="Asia/Shanghai"/>
    <property name="java.vm.specification.version" value="1.8"/>
    <property name="os.name" value="Windows 10"/>
    <property name="user.country" value="CN"/>
    <property name="sun.java.launcher" value="SUN_STANDARD"/>
    <property name="sun.boot.library.path" value="C:\Program Files\Java\jdk1.8.0_65\jre\bin"/>
    <property name="sun.java.command" value="C:\Users\ADMINI~1\AppData\Local\Temp\surefire1083507053522998072\surefirebooter6993173766840612054.jar C:\Users\Administrator\AppData\Local\Temp\surefire1083507053522998072 2019-08-20T23-06-39_065-jvmRun1 surefire2148057722504871658tmp surefire_03892140813318534784tmp"/>
    <property name="surefire.test.class.path" value="F:\source\github\other\DevKits\target\test-classes;F:\source\github\other\DevKits\target\classes;F:\source\maven\repository\commons-codec\commons-codec\1.12\commons-codec-1.12.jar;F:\source\maven\repository\ch\qos\logback\logback-classic\1.2.3\logback-classic-1.2.3.jar;F:\source\maven\repository\ch\qos\logback\logback-core\1.2.3\logback-core-1.2.3.jar;F:\source\maven\repository\org\slf4j\slf4j-api\1.7.25\slf4j-api-1.7.25.jar;F:\source\maven\repository\junit\junit\4.11\junit-4.11.jar;F:\source\maven\repository\org\hamcrest\hamcrest-core\1.3\hamcrest-core-1.3.jar;"/>
    <property name="sun.cpu.endian" value="little"/>
    <property name="user.home" value="C:\Users\Administrator"/>
    <property name="user.language" value="zh"/>
    <property name="java.specification.vendor" value="Oracle Corporation"/>
    <property name="java.home" value="C:\Program Files\Java\jdk1.8.0_65\jre"/>
    <property name="basedir" value="F:\source\github\other\DevKits"/>
    <property name="file.separator" value="\"/>
    <property name="line.separator" value="&#10;"/>
    <property name="java.vm.specification.vendor" value="Oracle Corporation"/>
    <property name="java.specification.name" value="Java Platform API Specification"/>
    <property name="java.awt.graphicsenv" value="sun.awt.Win32GraphicsEnvironment"/>
    <property name="surefire.real.class.path" value="C:\Users\ADMINI~1\AppData\Local\Temp\surefire1083507053522998072\surefirebooter6993173766840612054.jar"/>
    <property name="sun.boot.class.path" value="C:\Program Files\Java\jdk1.8.0_65\jre\lib\resources.jar;C:\Program Files\Java\jdk1.8.0_65\jre\lib\rt.jar;C:\Program Files\Java\jdk1.8.0_65\jre\lib\sunrsasign.jar;C:\Program Files\Java\jdk1.8.0_65\jre\lib\jsse.jar;C:\Program Files\Java\jdk1.8.0_65\jre\lib\jce.jar;C:\Program Files\Java\jdk1.8.0_65\jre\lib\charsets.jar;C:\Program Files\Java\jdk1.8.0_65\jre\lib\jfr.jar;C:\Program Files\Java\jdk1.8.0_65\jre\classes"/>
    <property name="user.script" value=""/>
    <property name="sun.management.compiler" value="HotSpot 64-Bit Tiered Compilers"/>
    <property name="java.runtime.version" value="1.8.0_65-b17"/>
    <property name="user.name" value="Administrator"/>
    <property name="path.separator" value=";"/>
    <property name="os.version" value="10.0"/>
    <property name="java.endorsed.dirs" value="C:\Program Files\Java\jdk1.8.0_65\jre\lib\endorsed"/>
    <property name="java.runtime.name" value="Java(TM) SE Runtime Environment"/>
    <property name="file.encoding" value="GBK"/>
    <property name="java.vm.name" value="Java HotSpot(TM) 64-Bit Server VM"/>
    <property name="localRepository" value="F:\source\maven\repository"/>
    <property name="java.vendor.url.bug" value="http://bugreport.sun.com/bugreport/"/>
    <property name="java.io.tmpdir" value="C:\Users\ADMINI~1\AppData\Local\Temp\"/>
    <property name="java.version" value="1.8.0_65"/>
    <property name="user.dir" value="F:\source\github\other\DevKits"/>
    <property name="os.arch" value="amd64"/>
    <property name="java.vm.specification.name" value="Java Virtual Machine Specification"/>
    <property name="java.awt.printerjob" value="sun.awt.windows.WPrinterJob"/>
    <property name="sun.os.patch.level" value=""/>
    <property name="java.library.path" value="C:\Program Files\Java\jdk1.8.0_65\jre\bin;C:\WINDOWS\Sun\Java\bin;C:\WINDOWS\system32;C:\WINDOWS;C:\ProgramData\Oracle\Java\javapath;E:\anaconda;E:\anaconda\Library\mingw-w64\bin;E:\anaconda\Library\usr\bin;E:\anaconda\Library\bin;E:\anaconda\Scripts;D:\ImageMagick;C:\Program Files\Java\jdk1.8.0_65\bin;F:\java\apache-maven-3.3.3\bin;C:\Program Files (x86)\Common Files\NetSarang;C:\Program Files (x86)\Common Files\Intel\Shared Files\cpp\bin\Intel64;C:\Program Files (x86)\Intel\iCLS Client\;C:\Program Files\Intel\iCLS Client\;C:\WINDOWS\system32;C:\WINDOWS;C:\WINDOWS\System32\Wbem;C:\WINDOWS\System32\WindowsPowerShell\v1.0\;C:\Program Files\Intel\Intel(R) Management Engine Components\DAL;C:\Program Files\Intel\Intel(R) Management Engine Components\IPT;C:\Program Files (x86)\Intel\Intel(R) Management Engine Components\DAL;C:\Program Files (x86)\Intel\Intel(R) Management Engine Components\IPT;C:\Program Files (x86)\MySQL\MySQL Server 5.1\bin;E:\svn\bin;E:\TortoiseGit\bin;C:\WINDOWS\system32;C:\WINDOWS;C:\WINDOWS\System32\Wbem;C:\WINDOWS\System32\WindowsPowerShell\v1.0\;E:\android-sdks\tools;C:\Program Files (x86)\Common Files\Thunder Network\KanKan\Codecs;E:\android-sdks\platform-tools;C:\Program Files (x86)\NVIDIA Corporation\PhysX\Common;E:\Inno Setup 5;E:\nodejs\;C:\Program Files (x86)\Calibre2\;E:\Git\Git\cmd;e:\WinSCP\;C:\Users\Administrator\AppData\Local\Microsoft\WindowsApps;E:\Fiddler2\Fiddler;C:\Users\Administrator\AppData\Roaming\npm;."/>
    <property name="java.vm.info" value="mixed mode"/>
    <property name="java.vendor" value="Oracle Corporation"/>
    <property name="java.vm.version" value="25.65-b01"/>
    <property name="java.ext.dirs" value="C:\Program Files\Java\jdk1.8.0_65\jre\lib\ext;C:\WINDOWS\Sun\Java\lib\ext"/>
    <property name="sun.io.unicode.encoding" value="UnicodeLittle"/>
    <property name="java.class.version" value="52.0"/>
  </properties>
  <testcase name="shouldAnswerWithTrue" classname="cn.devkits.client.DevKits.AppTest" time="0.001"/>
</testsuite>